19:25:59 **** Incremental Build of configuration Debug for project Array18 ****
make all 
Building target: Array18
Invoking: GCC C Linker
gcc  -o "Array18"  ./src/Array18.o   
/usr/bin/ld: ./src/Array18.o: in function `main':
/home/user/eclipse-workspace/Array18/Debug/../src/Array18.c:19: undefined reference to `Scanf'
collect2: error: ld returned 1 exit status
make: *** [makefile:46: Array18] Error 1
"make all" terminated with exit code 2. Build might be incomplete.
19:26:04 **** Incremental Build of configuration Debug for project Array18 ****
make all 
Building file: ../src/Array18.c
Invoking: GCC C Compiler
gcc -O0 -g3 -Wall -c -fmessage-length=0 -MMD -MP -MF"src/Array18.d" -MT"src/Array18.o" -o "src/Array18.o" "../src/Array18.c"
../src/Array18.c: In function ‘main’:
../src/Array18.c:16:8: warning: unused variable ‘j’ [-Wunused-variable]
   16 |  int i,j,sum=0,limit=10;
      |        ^
Finished building: ../src/Array18.c
 
Building target: Array18
Invoking: GCC C Linker
gcc  -o "Array18"  ./src/Array18.o   
Finished building target: Array18
 
